Aug 08, 2011 15:55:44 PM Core init
INFO: Loading FaabBB 3.006 ALPHA
Aug 08, 2011 15:55:44 PM Core init
INFO: Disabling error reporting.
Aug 08, 2011 15:55:44 PM Core init
INFO: Done disabling error reporting.
Aug 08, 2011 15:55:44 PM Core init
INFO: Initializing CoreErrorHandler.
Aug 08, 2011 15:55:44 PM CoreErrorHandler init
INFO: Setting error handler to CoreErrorHandler::onError
Aug 08, 2011 15:55:44 PM CoreErrorHandler init
INFO: Setting error handler to CoreErrorHandler::onException
Aug 08, 2011 15:55:44 PM CoreErrorHandler init
INFO: Registering shutdown function CoreErrorHandler::onShutdown
Aug 08, 2011 15:55:44 PM CoreErrorHandler init
INFO: CoreErrorHandler initialized.
Aug 08, 2011 15:55:44 PM Core init
INFO: Initializing CoreLibraryLoader.
Aug 08, 2011 15:55:44 PM CoreLibraryLoader init
INFO: Found: README.markdown.
Aug 08, 2011 15:55:44 PM CoreLibraryLoader init
INFO: README.markdown not a PHP library.
Aug 08, 2011 15:55:44 PM CoreLibraryLoader init
INFO: Core libraries successfully loaded.
