Tue, 13 Dec 11 17:24:41 +0000 Core\Application __construct
INFO: FaabBB Framework version 3.010
Webdevelopment framework written in PHP.
Wed, 21 Dec 11 20:06:36 +0000 Core\Application __construct
INFO: FaabBB Framework version 3.010
Webdevelopment framework written in PHP.
Wed, 21 Dec 11 20:17:58 +0000 Core\Application __construct
INFO: FaabBB Framework version 3.010
Webdevelopment framework written in PHP.
Wed, 21 Dec 11 20:18:28 +0000 Core\Application __construct
INFO: FaabBB Framework version 3.010
Webdevelopment framework written in PHP.
Wed, 21 Dec 11 20:18:30 +0000 Core\Application __construct
INFO: FaabBB Framework version 3.010
Webdevelopment framework written in PHP.
Thu, 22 Dec 11 14:35:08 +0000 Core\Application __construct
INFO: FaabBB Framework version 3.010
Webdevelopment framework written in PHP.
Thu, 22 Dec 11 14:35:38 +0000 Core\Application __construct
INFO: FaabBB Framework version 3.010
Webdevelopment framework written in PHP.
Thu, 22 Dec 11 14:48:22 +0000 Core\Application __construct
INFO: FaabBB Framework version 3.010
Webdevelopment framework written in PHP.
